<?xml version="1.0" encoding="UTF-8"?>
<robot generator="Robot 4.1.2 (Python 3.10.0 on win32)" generated="20211221 18:39:01.877" rpa="false" schemaversion="2">
<suite id="s1" name="TestLogin" source="N:\FILE NABILLA ALL\NABILLA\BOOTCAMP\GITHUB\belajar-robotframework-web-main\TestLogin.robot">
<kw name="Open Browser" library="SeleniumLibrary" type="SETUP">
<arg>${WebURL}</arg>
<arg>${BROWSERS}</arg>
<doc>Opens a new browser instance to the optional ``url``.</doc>
<msg timestamp="20211221 18:39:02.587" level="INFO">Opening browser 'Chrome' to base url 'https://www.saucedemo.com/'.</msg>
<status status="PASS" starttime="20211221 18:39:02.586" endtime="20211221 18:39:07.029"/>
</kw>
<test id="s1-t1" name="Login with valid credentials standar_user">
<kw name="I want to login with invalid credentials">
<arg>standard_user</arg>
<arg>secret_sauce</arg>
<kw name="Input Text" library="SeleniumLibrary">
<arg>id=user-name</arg>
<arg>${username}</arg>
<doc>Types the given ``text`` into the text field identified by ``locator``.</doc>
<msg timestamp="20211221 18:39:07.035" level="INFO">Typing text 'standard_user' into text field 'id=user-name'.</msg>
<status status="PASS" starttime="20211221 18:39:07.034" endtime="20211221 18:39:07.751"/>
</kw>
<kw name="Input Text" library="SeleniumLibrary">
<arg>id=password</arg>
<arg>${password}</arg>
<doc>Types the given ``text`` into the text field identified by ``locator``.</doc>
<msg timestamp="20211221 18:39:07.752" level="INFO">Typing text 'secret_sauce' into text field 'id=password'.</msg>
<status status="PASS" starttime="20211221 18:39:07.751" endtime="20211221 18:39:08.037"/>
</kw>
<kw name="Click Element" library="SeleniumLibrary">
<arg>id=login-button</arg>
<doc>Click the element identified by ``locator``.</doc>
<msg timestamp="20211221 18:39:08.038" level="INFO">Clicking element 'id=login-button'.</msg>
<status status="PASS" starttime="20211221 18:39:08.037" endtime="20211221 18:39:08.713"/>
</kw>
<kw name="Capture Page Screenshot" library="SeleniumLibrary">
<doc>Takes a screenshot of the current page and embeds it into a log file.</doc>
<msg timestamp="20211221 18:39:11.295" level="INFO" html="true">&lt;/td&gt;&lt;/tr&gt;&lt;tr&gt;&lt;td colspan="3"&gt;&lt;a href="selenium-screenshot-9.png"&gt;&lt;img src="selenium-screenshot-9.png" width="800px"&gt;&lt;/a&gt;</msg>
<status status="PASS" starttime="20211221 18:39:08.713" endtime="20211221 18:39:11.296"/>
</kw>
<kw name="Page Should Contain" library="SeleniumLibrary">
<arg>Sauce Labs Backpack</arg>
<doc>Verifies that current page contains ``text``.</doc>
<msg timestamp="20211221 18:39:11.681" level="INFO">Current page contains text 'Sauce Labs Backpack'.</msg>
<status status="PASS" starttime="20211221 18:39:11.296" endtime="20211221 18:39:11.681"/>
</kw>
<status status="PASS" starttime="20211221 18:39:07.033" endtime="20211221 18:39:11.682"/>
</kw>
<status status="PASS" starttime="20211221 18:39:07.030" endtime="20211221 18:39:11.778"/>
</test>
<kw name="Close Browser" library="SeleniumLibrary" type="TEARDOWN">
<doc>Closes the current browser.</doc>
<status status="PASS" starttime="20211221 18:39:11.937" endtime="20211221 18:39:15.976"/>
</kw>
<status status="PASS" starttime="20211221 18:39:01.882" endtime="20211221 18:39:15.976"/>
</suite>
<statistics>
<total>
<stat pass="1" fail="0" skip="0">All Tests</stat>
</total>
<tag>
</tag>
<suite>
<stat pass="1" fail="0" skip="0" id="s1" name="TestLogin">TestLogin</stat>
</suite>
</statistics>
<errors>
<msg timestamp="20211221 18:39:02.570" level="ERROR">Error in file 'N:\FILE NABILLA ALL\NABILLA\BOOTCAMP\GITHUB\belajar-robotframework-web-main\TestLogin.robot' on line 5: Importing library 'DataDriver' failed: ModuleNotFoundError: No module named 'DataDriver'
Traceback (most recent call last):
  None
PYTHONPATH:
  C:\Users\Nabilla\AppData\Local\Programs\Python\Python310\Scripts\robot.exe
  C:\Users\Nabilla\AppData\Local\Programs\Python\Python310\python310.zip
  C:\Users\Nabilla\AppData\Local\Programs\Python\Python310\DLLs
  C:\Users\Nabilla\AppData\Local\Programs\Python\Python310\lib
  C:\Users\Nabilla\AppData\Local\Programs\Python\Python310
  C:\Users\Nabilla\AppData\Local\Programs\Python\Python310\lib\site-packages</msg>
</errors>
</robot>
